<?xml version="1.0" encoding="UTF-8"?>
<!-- Generated by org.testng.reporters.JUnitReportReporter -->
<testsuite hostname="LAPTOP-LPL8EGCE" failures="0" tests="4" name="Excel.Facebook" time="11.009" errors="0" timestamp="2024-08-27T10:49:17 IST" skipped="0">
  <testcase classname="Excel.Facebook" name="testlogin" time="2.527"/>
  <testcase classname="Excel.Facebook" name="testlogin" time="2.697"/>
  <testcase classname="Excel.Facebook" name="testlogin" time="3.318"/>
  <testcase classname="Excel.Facebook" name="testlogin" time="2.467"/>
</testsuite> <!-- Excel.Facebook -->
